2025-04-11 22:51:51 [INFO] AnycubicPhotonWorkshop start!
2025-04-11 22:51:51 [INFO] argc:  2
2025-04-11 22:51:51 [WARN] "C:/Program Files/AnycubicPhotonWorkshop"
2025-04-11 22:51:51 [WARN] Successfully init crashpad
2025-04-11 22:51:51 [WARN] Unable to enumerate family ' "Alibaba PuHuiTi 3.0 55 Regular L3" '
2025-04-11 22:51:51 [WARN] Unable to enumerate family ' "Alibaba PuHuiTi 3.0 95 ExtraBold" '
2025-04-11 22:51:51 [INFO] ctk manager plugins:  "C:/Program Files/AnycubicPhotonWorkshop/plugins/"
2025-04-11 22:51:52 [INFO] Load plugin org.commontk.eventadmin success.
2025-04-11 22:51:52 [INFO] [Install Plugin] "C:/Program Files/AnycubicPhotonWorkshop/plugins/splashwindow.dll"
2025-04-11 22:51:52 [INFO] Install Plugin Success!
2025-04-11 22:51:52 [WARN] Unable to enumerate family ' "Alibaba PuHuiTi 3.0 55 Regular L3" '
2025-04-11 22:51:52 [WARN] Unable to enumerate family ' "Alibaba PuHuiTi 3.0 95 ExtraBold" '
2025-04-11 22:51:52 [INFO] [Install Plugin] "C:/Program Files/AnycubicPhotonWorkshop/plugins/printer.dll"
2025-04-11 22:51:52 [INFO] Install Plugin Success!
2025-04-11 22:51:52 [FATAL] readDataFromFile (C:/Program Files/AnycubicPhotonWorkshop/machine_type/Anycubic Photon Mono M7.pwsp) is error.
2025-04-11 22:51:52 [FATAL] loadFactoryMachine factory market Anycubic Photon Mono M7 msg retcode -1, msg retmsg: 
2025-04-11 22:51:52 [WARN] loadMachineResin currentPrinter(Anycubic Photon M3 Max) init success.
2025-04-11 22:51:52 [INFO] loadMachineParamRange is success.
2025-04-11 22:51:52 [INFO] loadMachineResinType is success.
2025-04-11 22:51:52 [INFO] loadMachineResinName is success.
2025-04-11 22:51:52 [INFO] [Install Plugin] "C:/Program Files/AnycubicPhotonWorkshop/plugins/mainwindow.dll"
2025-04-11 22:51:52 [INFO] Install Plugin Success!
2025-04-11 22:51:53 [INFO] "current server is testserver. 0"
2025-04-11 22:51:53 [INFO] QVariant(QByteArray, "mqtt.anycubic.com")
2025-04-11 22:51:53 [INFO] QVariant(QByteArray, "mqtt-universe.anycubic.com")
2025-04-11 22:51:53 [INFO] QVariant(QByteArray, "8883")
2025-04-11 22:51:53 [INFO] QVariant(QByteArray, "8883")
2025-04-11 22:51:53 [INFO] "environment_url is https://workbentch.s3.us-east-2.amazonaws.com/workshop/environment.ini"
2025-04-11 22:51:53 [INFO] QmlFactory 0.087 s
2025-04-11 22:51:53 [INFO] [Install Plugin] "C:/Program Files/AnycubicPhotonWorkshop/plugins/autoupdater.dll"
2025-04-11 22:51:53 [INFO] Install Plugin Success!
2025-04-11 22:51:53 [INFO] [Install Plugin] "C:/Program Files/AnycubicPhotonWorkshop/plugins/gareport.dll"
2025-04-11 22:51:53 [INFO] Install Plugin Success!
2025-04-11 22:51:53 [INFO] [Install Plugin] "C:/Program Files/AnycubicPhotonWorkshop/plugins/accloud.dll"
2025-04-11 22:51:53 [INFO] Install Plugin Success!
2025-04-11 22:51:53 [WARN] void __cdecl ACCloudNetRequest::init(void), cn_server = mqtt.anycubic.com, cn_server_port = 8883, en_server = mqtt-universe.anycubic.com, en_server_port = 8883, url = https://cloud-universe.anycubic.com/p/p/workbench/api
2025-04-11 22:51:53 [WARN] CountriesDataModel::setCurrCountryIdn, newCurrCountryIdn = CN
2025-04-11 22:51:53 [WARN] void __cdecl ACCloudNetRequest::getCountries(void)
2025-04-11 22:51:53 [WARN] void __cdecl ACCloudNetRequest::getPrintCtrlCodeReasons(void)
2025-04-11 22:51:53 [WARN] ACCloudManager::ACCloudManager, cloud model, build_time = 2024-04-26 17:28:45, git_brance = feat/casdoor, git_hash = 6b20758, git_commit = 2024-04-26
2025-04-11 22:51:53 [INFO] [Install Plugin] "C:/Program Files/AnycubicPhotonWorkshop/plugins/facegen.dll"
2025-04-11 22:51:53 [INFO] Install Plugin Success!
2025-04-11 22:51:53 [WARN] Translation::changedSystemLanguage, language = 0
2025-04-11 22:51:53 [WARN] register  GizmoController
2025-04-11 22:51:54 [WARN] enableMenuShortcut menushort cut: 0
2025-04-11 22:51:54 [INFO] uiState:  false
2025-04-11 22:51:54 [WARN] enableMenuShortcut menushort cut: 0
2025-04-11 22:51:54 [WARN] QFSFileEngine::open: No file name specified
2025-04-11 22:51:54 [WARN] Cannot open file '', because: No file name specified
2025-04-11 22:51:54 [WARN] QFSFileEngine::open: No file name specified
2025-04-11 22:51:54 [WARN] Cannot open file '', because: No file name specified
2025-04-11 22:51:54 [WARN] QFSFileEngine::open: No file name specified
2025-04-11 22:51:54 [WARN] Cannot open file '', because: No file name specified
2025-04-11 22:51:54 [WARN] QFSFileEngine::open: No file name specified
2025-04-11 22:51:54 [WARN] Cannot open file '', because: No file name specified
2025-04-11 22:51:54 [WARN] QFSFileEngine::open: No file name specified
2025-04-11 22:51:54 [WARN] Cannot open file '', because: No file name specified
2025-04-11 22:51:54 [WARN] QFSFileEngine::open: No file name specified
2025-04-11 22:51:54 [WARN] Cannot open file '', because: No file name specified
2025-04-11 22:51:54 [WARN] QFSFileEngine::open: No file name specified
2025-04-11 22:51:54 [WARN] Cannot open file '', because: No file name specified
2025-04-11 22:51:54 [WARN] QFSFileEngine::open: No file name specified
2025-04-11 22:51:54 [WARN] Cannot open file '', because: No file name specified
2025-04-11 22:51:54 [WARN] xChanged 1
2025-04-11 22:51:54 [INFO] event:  "splash_window_visible" data:  QVariant(bool, false) extentionData:  QVariant(Invalid)
2025-04-11 22:51:54 [INFO] event:  "main_load" data:  QVariant(Invalid) extentionData:  QVariant(Invalid)
2025-04-11 22:51:54 [INFO] event:  "main_language_changed" data:  QVariant(int, 0) extentionData:  QVariant(Invalid)
2025-04-11 22:51:54 [INFO] uiState:  true
2025-04-11 22:51:54 [WARN] creating renderer
2025-04-11 22:51:55 [WARN] printer valid --:  149.04 82.8
2025-04-11 22:51:55 [WARN] printer build --:  149.04 82.8
2025-04-11 22:51:55 [WARN] deltaX -- :  0
2025-04-11 22:51:55 [WARN] deltaY -- :  0
2025-04-11 22:51:55 [WARN] machine boarder width 2-------------------- 
2025-04-11 22:51:55 [WARN] create planar shadow node
2025-04-11 22:51:55 [WARN] loadGizmoRotationHead OK 576
2025-04-11 22:51:55 [INFO]  camera_manipulator::home
2025-04-11 22:51:55 [INFO]  camera_manipulator::home/ComputeBound
2025-04-11 22:51:55 [INFO]  camera_manipulator::home
2025-04-11 22:51:55 [INFO]  camera_manipulator::home/ComputeBound
2025-04-11 22:51:55 [INFO]  camera_manipulator::home/BoundingSphere
2025-04-11 22:51:55 [INFO]  camera_manipulator::home/udpate_view
2025-04-11 22:51:55 [WARN] GL Verison:  0x215275f00a8
2025-04-11 22:51:55 [WARN] GL Renderer:  0x21527647b1c
2025-04-11 22:51:55 [WARN] compile shader program ok
2025-04-11 22:51:55 [WARN] compile shader program ok
2025-04-11 22:51:55 [WARN] compile shader program ok
2025-04-11 22:51:55 [WARN] AnyGizmos::Im3d_Init      LoadCompileShader Ok
2025-04-11 22:51:55 [WARN] AnyGizmos::Im3d_Init   VAO release Ok
2025-04-11 22:51:55 [WARN] QFSFileEngine::open: No file name specified
2025-04-11 22:51:55 [WARN] Cannot open file '', because: No file name specified
2025-04-11 22:51:55 [WARN] QFSFileEngine::open: No file name specified
2025-04-11 22:51:55 [WARN] Cannot open file '', because: No file name specified
2025-04-11 22:51:55 [INFO] event:  "updater_init_compeleted" data:  QVariant(Invalid) extentionData:  QVariant(Invalid)
2025-04-11 22:51:55 [WARN] QFSFileEngine::open: No file name specified
2025-04-11 22:51:55 [WARN] Cannot open file '', because: No file name specified
2025-04-11 22:51:55 [WARN] QFSFileEngine::open: No file name specified
2025-04-11 22:51:55 [WARN] Cannot open file '', because: No file name specified
2025-04-11 22:51:55 [WARN] void __cdecl ACCloudNetRequest::getCountries(void)
2025-04-11 22:51:55 [WARN] void __cdecl ACCloudNetRequest::getPrintCtrlCodeReasons(void)
2025-04-11 22:51:55 [INFO] event:  "accloud_start_init" data:  QVariant(int, 0) extentionData:  QVariant(int, 0)
2025-04-11 22:51:55 [INFO] parseImportFiles other files: E:\GitHub_Repository\devmichetti.github.io\CNAME
2025-04-11 22:51:55 [INFO] parseImportFiles other files: E:\GitHub_Repository\devmichetti.github.io\CNAME
2025-04-11 22:51:55 [WARN] QFSFileEngine::open: No file name specified
2025-04-11 22:51:55 [WARN] Cannot open file '', because: No file name specified
2025-04-11 22:51:55 [INFO] uiState:  false
2025-04-11 22:51:55 [WARN] enableMenuShortcut menushort cut: 32
2025-04-11 22:51:55 [INFO] "doReportImportModelResult!"
2025-04-11 22:51:55 [INFO] event:  "ga_report" data:  QVariant(QByteArray, "{\n    \"business\": \"model_prepare\",\n    \"elementContent\": \"Import Files\",\n    \"elementType\": \"BUTTON\",\n    \"event\": \"ImportModelResult\",\n    \"function\": \"import_model\",\n    \"module\": \"menu_bar\",\n    \"printerType\": \"LCD\",\n    \"title\": \"\"\n}\n") extentionData:  QVariant(QByteArray, "{\n    \"importType\": \"4\",\n    \"modelInformation\": [\n        {\n            \"fileName\": \"CNAME\",\n            \"fileSize\": 23,\n            \"fileType\": \"\",\n            \"isSuccess\": 1\n        }\n    ],\n    \"numberOfModel\": 1\n}\n")
2025-04-11 22:51:55 [INFO] "start check autoUpdater!"
2025-04-11 22:51:55 [INFO] event:  "updater_check" data:  QVariant(Invalid) extentionData:  QVariant(Invalid)
2025-04-11 22:51:55 [WARN] QFSFileEngine::open: No file name specified
2025-04-11 22:51:55 [WARN] Cannot open file '', because: No file name specified
2025-04-11 22:51:55 [WARN] QFSFileEngine::open: No file name specified
2025-04-11 22:51:55 [WARN] Cannot open file '', because: No file name specified
2025-04-11 22:51:55 [WARN] QFSFileEngine::open: No file name specified
2025-04-11 22:51:55 [WARN] Cannot open file '', because: No file name specified
2025-04-11 22:51:55 [WARN] QFSFileEngine::open: No file name specified
2025-04-11 22:51:55 [WARN] Cannot open file '', because: No file name specified
2025-04-11 22:51:55 [WARN] QFSFileEngine::open: No file name specified
2025-04-11 22:51:55 [WARN] Cannot open file '', because: No file name specified
2025-04-11 22:51:55 [WARN] QFSFileEngine::open: No file name specified
2025-04-11 22:51:55 [WARN] Cannot open file '', because: No file name specified
2025-04-11 22:51:55 [WARN] QFSFileEngine::open: No file name specified
2025-04-11 22:51:55 [WARN] Cannot open file '', because: No file name specified
2025-04-11 22:51:55 [WARN] QFSFileEngine::open: No file name specified
2025-04-11 22:51:55 [WARN] Cannot open file '', because: No file name specified
2025-04-11 22:51:55 [WARN] QFSFileEngine::open: No file name specified
2025-04-11 22:51:55 [WARN] Cannot open file '', because: No file name specified
2025-04-11 22:51:55 [WARN] QFSFileEngine::open: No file name specified
2025-04-11 22:51:55 [WARN] Cannot open file '', because: No file name specified
2025-04-11 22:51:55 [WARN] QFSFileEngine::open: No file name specified
2025-04-11 22:51:55 [WARN] Cannot open file '', because: No file name specified
2025-04-11 22:51:55 [WARN] QFSFileEngine::open: No file name specified
2025-04-11 22:51:55 [WARN] Cannot open file '', because: No file name specified
2025-04-11 22:51:55 [WARN] QFSFileEngine::open: No file name specified
2025-04-11 22:51:55 [WARN] Cannot open file '', because: No file name specified
2025-04-11 22:51:55 [WARN] QFSFileEngine::open: No file name specified
2025-04-11 22:51:55 [WARN] Cannot open file '', because: No file name specified
2025-04-11 22:51:55 [WARN] QFSFileEngine::open: No file name specified
2025-04-11 22:51:55 [WARN] Cannot open file '', because: No file name specified
2025-04-11 22:51:55 [WARN] QFSFileEngine::open: No file name specified
2025-04-11 22:51:55 [WARN] Cannot open file '', because: No file name specified
2025-04-11 22:51:55 [WARN] QFSFileEngine::open: No file name specified
2025-04-11 22:51:55 [WARN] Cannot open file '', because: No file name specified
2025-04-11 22:51:55 [WARN] QFSFileEngine::open: No file name specified
2025-04-11 22:51:55 [WARN] Cannot open file '', because: No file name specified
2025-04-11 22:51:55 [WARN] QFSFileEngine::open: No file name specified
2025-04-11 22:51:55 [WARN] Cannot open file '', because: No file name specified
2025-04-11 22:51:55 [WARN] QFSFileEngine::open: No file name specified
2025-04-11 22:51:55 [WARN] Cannot open file '', because: No file name specified
2025-04-11 22:51:55 [WARN] QFSFileEngine::open: No file name specified
2025-04-11 22:51:55 [WARN] Cannot open file '', because: No file name specified
2025-04-11 22:51:55 [WARN] QFSFileEngine::open: No file name specified
2025-04-11 22:51:55 [WARN] Cannot open file '', because: No file name specified
2025-04-11 22:51:55 [WARN] QFSFileEngine::open: No file name specified
2025-04-11 22:51:55 [WARN] Cannot open file '', because: No file name specified
2025-04-11 22:51:55 [WARN] QFSFileEngine::open: No file name specified
2025-04-11 22:51:55 [WARN] Cannot open file '', because: No file name specified
2025-04-11 22:51:56 [WARN] QFSFileEngine::open: No file name specified
2025-04-11 22:51:56 [WARN] Cannot open file '', because: No file name specified
2025-04-11 22:51:56 [WARN] QFSFileEngine::open: No file name specified
2025-04-11 22:51:56 [WARN] Cannot open file '', because: No file name specified
2025-04-11 22:51:56 [INFO] sendData:  "{\n    \"appName\": \"AnycubicPhotonWorkshop_V3.3.2\",\n    \"appVersion\": \"v3.3.2\",\n    \"business\": \"\",\n    \"city\": \"\",\n    \"country\": \"\",\n    \"elementContent\": \"\",\n    \"elementType\": \"\",\n    \"eventName\": \"ImportModelResult\",\n    \"function\": \"\",\n    \"isOverseasVersion\": true,\n    \"module\": \"\",\n    \"pcId\": \"c3754f5c6e089105e9b5878b94317470\",\n    \"printerType\": \"\",\n    \"province\": \"\",\n    \"timestamp\": 1744433516,\n    \"title\": \"\",\n    \"userId\": 0\n}\n"
2025-04-11 22:51:57 [INFO] send post data success!
2025-04-11 22:51:57 [WARN] void __cdecl EventMiniHandlerCallback::event(const struct ReasonResponse *,unsigned int)
2025-04-11 22:51:57 [WARN] void __cdecl PrintersDataModel::onReasonResponse(const struct ReasonResponse *,int)
count = 284
2025-04-11 22:51:57 [INFO] uiState:  false
2025-04-11 22:51:58 [INFO] send post data success!
2025-04-11 22:51:59 [INFO] uiState:  false
2025-04-11 22:52:01 [INFO] uiState:  true
2025-04-11 22:52:01 [WARN] enableMenuShortcut menushort cut: 0
2025-04-11 22:52:02 [INFO] scene modifyed:  false
2025-04-11 22:52:02 [INFO] save support file is success!
2025-04-11 22:52:03 [INFO] AnycubicPhotonWorkshop end!
2025-04-11 22:52:03 [WARN] QThreadStorage: Thread 0x21512444b80 exited after QThreadStorage 7 destroyed
